
WARNING: apt does not have a stable CLI interface. Use with caution in scripts.

Hit:1 https://updates.signal.org/desktop/apt xenial InRelease
Hit:2 https://download.docker.com/linux/ubuntu noble InRelease
Hit:3 https://typora.io/linux ./ InRelease
Hit:4 http://apt.pop-os.org/proprietary noble InRelease
Hit:5 http://apt.pop-os.org/release noble InRelease
Hit:6 http://repository.spotify.com stable InRelease
Ign:7 https://ppa.launchpadcontent.net/appimagelauncher-team/stable/ubuntu noble InRelease
Hit:8 http://apt.pop-os.org/ubuntu noble InRelease
Hit:9 http://apt.pop-os.org/ubuntu noble-security InRelease
Hit:10 https://ppa.launchpadcontent.net/zhangsongcui3371/fastfetch/ubuntu noble InRelease
Err:11 https://ppa.launchpadcontent.net/appimagelauncher-team/stable/ubuntu noble Release
  404  Not Found [IP: 2620:2d:4000:1::81 443]
Hit:12 http://apt.pop-os.org/ubuntu noble-updates InRelease
Hit:13 http://apt.pop-os.org/ubuntu noble-backports InRelease
Reading package lists...
E: The repository 'https://ppa.launchpadcontent.net/appimagelauncher-team/stable/ubuntu noble Release' does not have a Release file.
Checking for virtualization support...

WARNING: apt does not have a stable CLI interface. Use with caution in scripts.

Reading package lists...
Building dependency tree...
Reading state information...
qemu-system-x86 is already the newest version (1:8.2.2+ds-0ubuntu1.2).
libvirt-daemon-system is already the newest version (10.0.0-2ubuntu8.4).
libvirt-clients is already the newest version (10.0.0-2ubuntu8.4).
bridge-utils is already the newest version (1.7.1-1ubuntu2).
virt-manager is already the newest version (1:4.1.0-3ubuntu0.1).
virtinst is already the newest version (1:4.1.0-3ubuntu0.1).
virtinst set to manually installed.
0 upgraded, 0 newly installed, 0 to remove and 0 not upgraded.
Authorization required, but no authorization protocol specified

Authorization required, but no authorization protocol specified

Authorization required, but no authorization protocol specified


(virt-manager:364503): Gtk-WARNING **: 14:57:14.897: cannot open display: :1
